[ 2018-04-27T16:40:14+08:00 ] ::1 /index.php/Admin/Index/index.html
INFO: [ app_init ] --START--
INFO: Run Behavior\BuildLiteBehavior [ RunTime:0.000000s ]
INFO: [ app_init ] --END-- [ RunTime:0.001000s ]
INFO: [ app_begin ] --START--
INFO: Run Behavior\ReadHtmlCacheBehavior [ RunTime:0.000000s ]
INFO: [ app_begin ] --END-- [ RunTime:0.000000s ]
SQL: SHOW COLUMNS FROM `game_model` [ RunTime:0.0050s ]
SQL: SELECT * FROM `game_model` WHERE `controller` = 'Index' AND `action` = 'index' LIMIT 1   [ RunTime:0.0010s ]
SQL: SELECT * FROM `game_model` WHERE `belongid` = null AND `level` = 3  [ RunTime:0.0010s ]
INFO: [ view_parse ] --START--
INFO: [ template_filter ] --START--
INFO: Run Behavior\ContentReplaceBehavior [ RunTime:0.000000s ]
INFO: [ template_filter ] --END-- [ RunTime:0.000000s ]
NOTIC: [8] Undefined index: id D:\1php\game\Application\Runtime\Cache\Admin\b595b808c2ebeeeb0478ffc30bb4e87a.php 第 66 行.
INFO: Run Behavior\ParseTemplateBehavior [ RunTime:0.017000s ]
INFO: [ view_parse ] --END-- [ RunTime:0.017000s ]
INFO: [ view_filter ] --START--
INFO: Run Behavior\WriteHtmlCacheBehavior [ RunTime:0.001000s ]
INFO: [ view_filter ] --END-- [ RunTime:0.001000s ]
INFO: [ app_end ] --START--
INFO: Run Behavior\ShowPageTraceBehavior [ RunTime:0.001000s ]
INFO: [ app_end ] --END-- [ RunTime:0.001000s ]

[ 2018-04-27T16:40:15+08:00 ] ::1 /index.php/Admin/Index/welcome.html
INFO: [ app_init ] --START--
INFO: Run Behavior\BuildLiteBehavior [ RunTime:0.000000s ]
INFO: [ app_init ] --END-- [ RunTime:0.000000s ]
INFO: [ app_begin ] --START--
INFO: Run Behavior\ReadHtmlCacheBehavior [ RunTime:0.001000s ]
INFO: [ app_begin ] --END-- [ RunTime:0.001000s ]
SQL: SHOW COLUMNS FROM `game_model` [ RunTime:0.0060s ]
SQL: SELECT * FROM `game_model` WHERE `controller` = 'Index' AND `action` = 'welcome' LIMIT 1   [ RunTime:0.0000s ]
SQL: SELECT * FROM `game_model` WHERE `belongid` = null AND `level` = 3  [ RunTime:0.0000s ]
INFO: [ view_parse ] --START--
INFO: [ template_filter ] --START--
INFO: Run Behavior\ContentReplaceBehavior [ RunTime:0.000000s ]
INFO: [ template_filter ] --END-- [ RunTime:0.000000s ]
INFO: Run Behavior\ParseTemplateBehavior [ RunTime:0.005000s ]
INFO: [ view_parse ] --END-- [ RunTime:0.005000s ]
INFO: [ view_filter ] --START--
INFO: Run Behavior\WriteHtmlCacheBehavior [ RunTime:0.001000s ]
INFO: [ view_filter ] --END-- [ RunTime:0.001000s ]
INFO: [ app_end ] --START--
INFO: Run Behavior\ShowPageTraceBehavior [ RunTime:0.001000s ]
INFO: [ app_end ] --END-- [ RunTime:0.001000s ]

[ 2018-04-27T16:40:17+08:00 ] ::1 /index.php/Admin/Chat/index
INFO: [ app_init ] --START--
INFO: Run Behavior\BuildLiteBehavior [ RunTime:0.000000s ]
INFO: [ app_init ] --END-- [ RunTime:0.000000s ]
INFO: [ app_begin ] --START--
INFO: Run Behavior\ReadHtmlCacheBehavior [ RunTime:0.001000s ]
INFO: [ app_begin ] --END-- [ RunTime:0.001000s ]
NOTIC: [2048] Declaration of Admin\Controller\ChatController::index() should be compatible with Admin\Controller\TemplateController::index($t = 'index') D:\1php\game\Application\Admin\Controller\ChatController.class.php 第 14 行.
SQL: SHOW COLUMNS FROM `game_model` [ RunTime:0.0030s ]
SQL: SELECT * FROM `game_model` WHERE `controller` = 'Chat' AND `action` = 'index' LIMIT 1   [ RunTime:0.0000s ]
SQL: SELECT * FROM `game_model` WHERE `belongid` = 86 AND `level` = 3  [ RunTime:0.0010s ]
SQL: SHOW COLUMNS FROM `game_chat` [ RunTime:0.0030s ]
SQL: SHOW COLUMNS FROM `game_chat` [ RunTime:0.0020s ]
SQL: SELECT COUNT(*) AS tp_count FROM game_chat c left JOIN game_user u ON c.user_id = u.id  LIMIT 1   [ RunTime:0.0000s ]
SQL: SELECT c.*,u.nick_name FROM game_chat c left JOIN game_user u ON c.user_id = u.id  LIMIT 0,10   [ RunTime:0.0000s ]
INFO: [ view_parse ] --START--
INFO: [ template_filter ] --START--
INFO: Run Behavior\ContentReplaceBehavior [ RunTime:0.000000s ]
INFO: [ template_filter ] --END-- [ RunTime:0.000000s ]
NOTIC: [8] Undefined index: keyword D:\1php\game\Application\Runtime\Cache\Admin\e42e874ed460f2c6e54e3ad411359b91.php 第 65 行.
NOTIC: [8] Undefined index: start_time D:\1php\game\Application\Runtime\Cache\Admin\e42e874ed460f2c6e54e3ad411359b91.php 第 75 行.
NOTIC: [8] Undefined index: end_time D:\1php\game\Application\Runtime\Cache\Admin\e42e874ed460f2c6e54e3ad411359b91.php 第 76 行.
INFO: Run Behavior\ParseTemplateBehavior [ RunTime:0.010000s ]
INFO: [ view_parse ] --END-- [ RunTime:0.010000s ]
INFO: [ view_filter ] --START--
INFO: Run Behavior\WriteHtmlCacheBehavior [ RunTime:0.001000s ]
INFO: [ view_filter ] --END-- [ RunTime:0.001000s ]
INFO: [ app_end ] --START--
INFO: Run Behavior\ShowPageTraceBehavior [ RunTime:0.000000s ]
INFO: [ app_end ] --END-- [ RunTime:0.001000s ]

[ 2018-04-27T16:40:23+08:00 ] ::1 /index.php/Admin/Login/index.html
INFO: [ app_init ] --START--
INFO: Run Behavior\BuildLiteBehavior [ RunTime:0.000000s ]
INFO: [ app_init ] --END-- [ RunTime:0.001000s ]
INFO: [ app_begin ] --START--
INFO: Run Behavior\ReadHtmlCacheBehavior [ RunTime:0.000000s ]
INFO: [ app_begin ] --END-- [ RunTime:0.000000s ]
INFO: [ view_parse ] --START--
INFO: [ template_filter ] --START--
INFO: Run Behavior\ContentReplaceBehavior [ RunTime:0.000000s ]
INFO: [ template_filter ] --END-- [ RunTime:0.000000s ]
INFO: Run Behavior\ParseTemplateBehavior [ RunTime:0.009000s ]
INFO: [ view_parse ] --END-- [ RunTime:0.009000s ]
INFO: [ view_filter ] --START--
INFO: Run Behavior\WriteHtmlCacheBehavior [ RunTime:0.000000s ]
INFO: [ view_filter ] --END-- [ RunTime:0.000000s ]
INFO: [ app_end ] --START--
INFO: Run Behavior\ShowPageTraceBehavior [ RunTime:0.001000s ]
INFO: [ app_end ] --END-- [ RunTime:0.001000s ]

[ 2018-04-27T16:40:25+08:00 ] ::1 /index.php/Admin/Login/login
INFO: [ app_init ] --START--
INFO: Run Behavior\BuildLiteBehavior [ RunTime:0.000000s ]
INFO: [ app_init ] --END-- [ RunTime:0.001000s ]
INFO: [ app_begin ] --START--
INFO: Run Behavior\ReadHtmlCacheBehavior [ RunTime:0.001000s ]
INFO: [ app_begin ] --END-- [ RunTime:0.001000s ]
SQL: SHOW COLUMNS FROM `game_admin` [ RunTime:0.0060s ]
SQL: SELECT * FROM `game_admin` WHERE `username` = 'admin' AND `password` = '21232f297a57a5a743894a0e4a801fc3' LIMIT 1   [ RunTime:0.0010s ]
SQL: SHOW COLUMNS FROM `game_model` [ RunTime:0.0060s ]
SQL: SELECT * FROM `game_model`  [ RunTime:0.0010s ]
SQL: SHOW COLUMNS FROM `game_admin_log` [ RunTime:0.0040s ]
SQL: INSERT INTO `game_admin_log` (`admin_id`,`admin_name`,`time`,`login_ip`,`details`,`type`) VALUES ('1','admin','1524818425','0.0.0.0','登录','0') [ RunTime:0.0010s ]
SQL: UPDATE `game_admin` SET `login_time`='1524818425',`login_ip`='0.0.0.0' WHERE `id` = '1' [ RunTime:0.0030s ]
SQL: SHOW COLUMNS FROM `game_error` [ RunTime:0.0030s ]
SQL: SELECT * FROM `game_error` WHERE `error_id` = 10002 LIMIT 1   [ RunTime:0.0010s ]

[ 2018-04-27T16:40:27+08:00 ] ::1 /index.php/Admin/Index/index.html
INFO: [ app_init ] --START--
INFO: Run Behavior\BuildLiteBehavior [ RunTime:0.000000s ]
INFO: [ app_init ] --END-- [ RunTime:0.001000s ]
INFO: [ app_begin ] --START--
INFO: Run Behavior\ReadHtmlCacheBehavior [ RunTime:0.001000s ]
INFO: [ app_begin ] --END-- [ RunTime:0.001000s ]
SQL: SHOW COLUMNS FROM `game_model` [ RunTime:0.0030s ]
SQL: SELECT * FROM `game_model` WHERE `controller` = 'Index' AND `action` = 'index' LIMIT 1   [ RunTime:0.0000s ]
SQL: SELECT * FROM `game_model` WHERE `belongid` = null AND `level` = 3  [ RunTime:0.0000s ]
INFO: [ view_parse ] --START--
INFO: [ template_filter ] --START--
INFO: Run Behavior\ContentReplaceBehavior [ RunTime:0.000000s ]
INFO: [ template_filter ] --END-- [ RunTime:0.000000s ]
NOTIC: [8] Undefined index: id D:\1php\game\Application\Runtime\Cache\Admin\b595b808c2ebeeeb0478ffc30bb4e87a.php 第 66 行.
INFO: Run Behavior\ParseTemplateBehavior [ RunTime:0.014000s ]
INFO: [ view_parse ] --END-- [ RunTime:0.014000s ]
INFO: [ view_filter ] --START--
INFO: Run Behavior\WriteHtmlCacheBehavior [ RunTime:0.001000s ]
INFO: [ view_filter ] --END-- [ RunTime:0.001000s ]
INFO: [ app_end ] --START--
INFO: Run Behavior\ShowPageTraceBehavior [ RunTime:0.000000s ]
INFO: [ app_end ] --END-- [ RunTime:0.000000s ]

[ 2018-04-27T16:40:28+08:00 ] ::1 /index.php/Admin/Index/welcome.html
INFO: [ app_init ] --START--
INFO: Run Behavior\BuildLiteBehavior [ RunTime:0.000000s ]
INFO: [ app_init ] --END-- [ RunTime:0.000000s ]
INFO: [ app_begin ] --START--
INFO: Run Behavior\ReadHtmlCacheBehavior [ RunTime:0.001000s ]
INFO: [ app_begin ] --END-- [ RunTime:0.001000s ]
SQL: SHOW COLUMNS FROM `game_model` [ RunTime:0.0040s ]
SQL: SELECT * FROM `game_model` WHERE `controller` = 'Index' AND `action` = 'welcome' LIMIT 1   [ RunTime:0.0000s ]
SQL: SELECT * FROM `game_model` WHERE `belongid` = null AND `level` = 3  [ RunTime:0.0000s ]
INFO: [ view_parse ] --START--
INFO: [ template_filter ] --START--
INFO: Run Behavior\ContentReplaceBehavior [ RunTime:0.000000s ]
INFO: [ template_filter ] --END-- [ RunTime:0.000000s ]
INFO: Run Behavior\ParseTemplateBehavior [ RunTime:0.006000s ]
INFO: [ view_parse ] --END-- [ RunTime:0.006000s ]
INFO: [ view_filter ] --START--
INFO: Run Behavior\WriteHtmlCacheBehavior [ RunTime:0.000000s ]
INFO: [ view_filter ] --END-- [ RunTime:0.000000s ]
INFO: [ app_end ] --START--
INFO: Run Behavior\ShowPageTraceBehavior [ RunTime:0.001000s ]
INFO: [ app_end ] --END-- [ RunTime:0.001000s ]

[ 2018-04-27T16:40:32+08:00 ] ::1 /index.php/Admin/Chat/index
INFO: [ app_init ] --START--
INFO: Run Behavior\BuildLiteBehavior [ RunTime:0.000000s ]
INFO: [ app_init ] --END-- [ RunTime:0.001000s ]
INFO: [ app_begin ] --START--
INFO: Run Behavior\ReadHtmlCacheBehavior [ RunTime:0.001000s ]
INFO: [ app_begin ] --END-- [ RunTime:0.001000s ]
NOTIC: [2048] Declaration of Admin\Controller\ChatController::index() should be compatible with Admin\Controller\TemplateController::index($t = 'index') D:\1php\game\Application\Admin\Controller\ChatController.class.php 第 14 行.
SQL: SHOW COLUMNS FROM `game_model` [ RunTime:0.0050s ]
SQL: SELECT * FROM `game_model` WHERE `controller` = 'Chat' AND `action` = 'index' LIMIT 1   [ RunTime:0.0000s ]
SQL: SELECT * FROM `game_model` WHERE `belongid` = 86 AND `level` = 3  [ RunTime:0.0000s ]
SQL: SHOW COLUMNS FROM `game_chat` [ RunTime:0.0040s ]
SQL: SHOW COLUMNS FROM `game_chat` [ RunTime:0.0040s ]
SQL: SELECT COUNT(*) AS tp_count FROM game_chat c left JOIN game_user u ON c.user_id = u.id  LIMIT 1   [ RunTime:0.0000s ]
SQL: SELECT c.*,u.nick_name FROM game_chat c left JOIN game_user u ON c.user_id = u.id  LIMIT 0,10   [ RunTime:0.0010s ]
INFO: [ view_parse ] --START--
INFO: [ template_filter ] --START--
INFO: Run Behavior\ContentReplaceBehavior [ RunTime:0.000000s ]
INFO: [ template_filter ] --END-- [ RunTime:0.000000s ]
NOTIC: [8] Undefined index: keyword D:\1php\game\Application\Runtime\Cache\Admin\e42e874ed460f2c6e54e3ad411359b91.php 第 65 行.
NOTIC: [8] Undefined index: start_time D:\1php\game\Application\Runtime\Cache\Admin\e42e874ed460f2c6e54e3ad411359b91.php 第 75 行.
NOTIC: [8] Undefined index: end_time D:\1php\game\Application\Runtime\Cache\Admin\e42e874ed460f2c6e54e3ad411359b91.php 第 76 行.
INFO: Run Behavior\ParseTemplateBehavior [ RunTime:0.016000s ]
INFO: [ view_parse ] --END-- [ RunTime:0.016000s ]
INFO: [ view_filter ] --START--
INFO: Run Behavior\WriteHtmlCacheBehavior [ RunTime:0.001000s ]
INFO: [ view_filter ] --END-- [ RunTime:0.001000s ]
INFO: [ app_end ] --START--
INFO: Run Behavior\ShowPageTraceBehavior [ RunTime:0.001000s ]
INFO: [ app_end ] --END-- [ RunTime:0.001000s ]

[ 2018-04-27T16:41:30+08:00 ] ::1 /index.php/Admin/Chat/index
INFO: [ app_init ] --START--
INFO: Run Behavior\BuildLiteBehavior [ RunTime:0.000000s ]
INFO: [ app_init ] --END-- [ RunTime:0.000000s ]
INFO: [ app_begin ] --START--
INFO: Run Behavior\ReadHtmlCacheBehavior [ RunTime:0.000000s ]
INFO: [ app_begin ] --END-- [ RunTime:0.000000s ]
NOTIC: [2048] Declaration of Admin\Controller\ChatController::index() should be compatible with Admin\Controller\TemplateController::index($t = 'index') D:\1php\game\Application\Admin\Controller\ChatController.class.php 第 14 行.
SQL: SHOW COLUMNS FROM `game_model` [ RunTime:0.0050s ]
SQL: SELECT * FROM `game_model` WHERE `controller` = 'Chat' AND `action` = 'index' LIMIT 1   [ RunTime:0.0010s ]
SQL: SELECT * FROM `game_model` WHERE `belongid` = 86 AND `level` = 3  [ RunTime:0.0000s ]
SQL: SHOW COLUMNS FROM `game_chat` [ RunTime:0.0040s ]
SQL: SHOW COLUMNS FROM `game_chat` [ RunTime:0.0040s ]
SQL: SELECT COUNT(*) AS tp_count FROM game_chat c left JOIN game_user u ON c.user_id = u.id  LIMIT 1   [ RunTime:0.0010s ]
SQL: SELECT c.*,u.nick_name FROM game_chat c left JOIN game_user u ON c.user_id = u.id  LIMIT 0,10   [ RunTime:0.0000s ]
INFO: [ view_parse ] --START--
INFO: [ template_filter ] --START--
INFO: Run Behavior\ContentReplaceBehavior [ RunTime:0.000000s ]
INFO: [ template_filter ] --END-- [ RunTime:0.000000s ]
NOTIC: [8] Undefined index: keyword D:\1php\game\Application\Runtime\Cache\Admin\e42e874ed460f2c6e54e3ad411359b91.php 第 65 行.
NOTIC: [8] Undefined index: start_time D:\1php\game\Application\Runtime\Cache\Admin\e42e874ed460f2c6e54e3ad411359b91.php 第 75 行.
NOTIC: [8] Undefined index: end_time D:\1php\game\Application\Runtime\Cache\Admin\e42e874ed460f2c6e54e3ad411359b91.php 第 76 行.
INFO: Run Behavior\ParseTemplateBehavior [ RunTime:0.016000s ]
INFO: [ view_parse ] --END-- [ RunTime:0.017000s ]
INFO: [ view_filter ] --START--
INFO: Run Behavior\WriteHtmlCacheBehavior [ RunTime:0.000000s ]
INFO: [ view_filter ] --END-- [ RunTime:0.000000s ]
INFO: [ app_end ] --START--
INFO: Run Behavior\ShowPageTraceBehavior [ RunTime:0.001000s ]
INFO: [ app_end ] --END-- [ RunTime:0.002000s ]

[ 2018-04-27T16:41:34+08:00 ] ::1 /index.php/Admin/Chat/save
INFO: [ app_init ] --START--
INFO: Run Behavior\BuildLiteBehavior [ RunTime:0.000000s ]
INFO: [ app_init ] --END-- [ RunTime:0.001000s ]
INFO: [ app_begin ] --START--
INFO: Run Behavior\ReadHtmlCacheBehavior [ RunTime:0.001000s ]
INFO: [ app_begin ] --END-- [ RunTime:0.001000s ]
NOTIC: [2048] Declaration of Admin\Controller\ChatController::index() should be compatible with Admin\Controller\TemplateController::index($t = 'index') D:\1php\game\Application\Admin\Controller\ChatController.class.php 第 14 行.
SQL: SHOW COLUMNS FROM `game_model` [ RunTime:0.0100s ]
SQL: SELECT * FROM `game_model` WHERE `controller` = 'Chat' AND `action` = 'save' LIMIT 1   [ RunTime:0.0010s ]
SQL: SELECT * FROM `game_model` WHERE `belongid` = 94 AND `level` = 3  [ RunTime:0.0010s ]
SQL: SHOW COLUMNS FROM `game_chat` [ RunTime:0.0030s ]
SQL: SHOW COLUMNS FROM `game_error` [ RunTime:0.0030s ]
SQL: SELECT * FROM `game_error` WHERE `error_id` = 10010 LIMIT 1   [ RunTime:0.0010s ]

[ 2018-04-27T16:42:07+08:00 ] ::1 /index.php/Admin/Chat/index
INFO: [ app_init ] --START--
INFO: Run Behavior\BuildLiteBehavior [ RunTime:0.000000s ]
INFO: [ app_init ] --END-- [ RunTime:0.001000s ]
INFO: [ app_begin ] --START--
INFO: Run Behavior\ReadHtmlCacheBehavior [ RunTime:0.001000s ]
INFO: [ app_begin ] --END-- [ RunTime:0.001000s ]
NOTIC: [2048] Declaration of Admin\Controller\ChatController::index() should be compatible with Admin\Controller\TemplateController::index($t = 'index') D:\1php\game\Application\Admin\Controller\ChatController.class.php 第 14 行.
NOTIC: [2048] Declaration of Admin\Controller\ChatController::save() should be compatible with Admin\Controller\TemplateController::save($t = 'save') D:\1php\game\Application\Admin\Controller\ChatController.class.php 第 14 行.
SQL: SHOW COLUMNS FROM `game_model` [ RunTime:0.0060s ]
SQL: SELECT * FROM `game_model` WHERE `controller` = 'Chat' AND `action` = 'index' LIMIT 1   [ RunTime:0.0010s ]
SQL: SELECT * FROM `game_model` WHERE `belongid` = 86 AND `level` = 3  [ RunTime:0.0010s ]
SQL: SHOW COLUMNS FROM `game_chat` [ RunTime:0.0060s ]
SQL: SHOW COLUMNS FROM `game_chat` [ RunTime:0.0050s ]
SQL: SELECT COUNT(*) AS tp_count FROM game_chat c left JOIN game_user u ON c.user_id = u.id  LIMIT 1   [ RunTime:0.0000s ]
SQL: SELECT c.*,u.nick_name FROM game_chat c left JOIN game_user u ON c.user_id = u.id  LIMIT 0,10   [ RunTime:0.0010s ]
INFO: [ view_parse ] --START--
INFO: [ template_filter ] --START--
INFO: Run Behavior\ContentReplaceBehavior [ RunTime:0.000000s ]
INFO: [ template_filter ] --END-- [ RunTime:0.000000s ]
NOTIC: [8] Undefined index: keyword D:\1php\game\Application\Runtime\Cache\Admin\e42e874ed460f2c6e54e3ad411359b91.php 第 65 行.
NOTIC: [8] Undefined index: start_time D:\1php\game\Application\Runtime\Cache\Admin\e42e874ed460f2c6e54e3ad411359b91.php 第 75 行.
NOTIC: [8] Undefined index: end_time D:\1php\game\Application\Runtime\Cache\Admin\e42e874ed460f2c6e54e3ad411359b91.php 第 76 行.
INFO: Run Behavior\ParseTemplateBehavior [ RunTime:0.015000s ]
INFO: [ view_parse ] --END-- [ RunTime:0.015000s ]
INFO: [ view_filter ] --START--
INFO: Run Behavior\WriteHtmlCacheBehavior [ RunTime:0.000000s ]
INFO: [ view_filter ] --END-- [ RunTime:0.000000s ]
INFO: [ app_end ] --START--
INFO: Run Behavior\ShowPageTraceBehavior [ RunTime:0.001000s ]
INFO: [ app_end ] --END-- [ RunTime:0.001000s ]

[ 2018-04-27T16:42:35+08:00 ] ::1 /index.php/Admin/Chat/index
INFO: [ app_init ] --START--
INFO: Run Behavior\BuildLiteBehavior [ RunTime:0.000000s ]
INFO: [ app_init ] --END-- [ RunTime:0.001000s ]
INFO: [ app_begin ] --START--
INFO: Run Behavior\ReadHtmlCacheBehavior [ RunTime:0.001000s ]
INFO: [ app_begin ] --END-- [ RunTime:0.001000s ]
NOTIC: [2048] Declaration of Admin\Controller\ChatController::index() should be compatible with Admin\Controller\TemplateController::index($t = 'index') D:\1php\game\Application\Admin\Controller\ChatController.class.php 第 14 行.
NOTIC: [2048] Declaration of Admin\Controller\ChatController::save() should be compatible with Admin\Controller\TemplateController::save($t = 'save') D:\1php\game\Application\Admin\Controller\ChatController.class.php 第 14 行.
SQL: SHOW COLUMNS FROM `game_model` [ RunTime:0.0030s ]
SQL: SELECT * FROM `game_model` WHERE `controller` = 'Chat' AND `action` = 'index' LIMIT 1   [ RunTime:0.0000s ]
SQL: SELECT * FROM `game_model` WHERE `belongid` = 86 AND `level` = 3  [ RunTime:0.0010s ]
SQL: SHOW COLUMNS FROM `game_chat` [ RunTime:0.0030s ]
SQL: SHOW COLUMNS FROM `game_chat` [ RunTime:0.0030s ]
SQL: SELECT COUNT(*) AS tp_count FROM game_chat c left JOIN game_user u ON c.user_id = u.id  LIMIT 1   [ RunTime:0.0010s ]
SQL: SELECT c.*,u.nick_name FROM game_chat c left JOIN game_user u ON c.user_id = u.id  LIMIT 0,10   [ RunTime:0.0000s ]
INFO: [ view_parse ] --START--
INFO: [ template_filter ] --START--
INFO: Run Behavior\ContentReplaceBehavior [ RunTime:0.000000s ]
INFO: [ template_filter ] --END-- [ RunTime:0.000000s ]
NOTIC: [8] Undefined index: keyword D:\1php\game\Application\Runtime\Cache\Admin\e42e874ed460f2c6e54e3ad411359b91.php 第 65 行.
NOTIC: [8] Undefined index: start_time D:\1php\game\Application\Runtime\Cache\Admin\e42e874ed460f2c6e54e3ad411359b91.php 第 75 行.
NOTIC: [8] Undefined index: end_time D:\1php\game\Application\Runtime\Cache\Admin\e42e874ed460f2c6e54e3ad411359b91.php 第 76 行.
INFO: Run Behavior\ParseTemplateBehavior [ RunTime:0.013000s ]
INFO: [ view_parse ] --END-- [ RunTime:0.013000s ]
INFO: [ view_filter ] --START--
INFO: Run Behavior\WriteHtmlCacheBehavior [ RunTime:0.000000s ]
INFO: [ view_filter ] --END-- [ RunTime:0.000000s ]
INFO: [ app_end ] --START--
INFO: Run Behavior\ShowPageTraceBehavior [ RunTime:0.001000s ]
INFO: [ app_end ] --END-- [ RunTime:0.001000s ]

[ 2018-04-27T16:42:40+08:00 ] ::1 /index.php/Admin/Chat/index
INFO: [ app_init ] --START--
INFO: Run Behavior\BuildLiteBehavior [ RunTime:0.001000s ]
INFO: [ app_init ] --END-- [ RunTime:0.001000s ]
INFO: [ app_begin ] --START--
INFO: Run Behavior\ReadHtmlCacheBehavior [ RunTime:0.001000s ]
INFO: [ app_begin ] --END-- [ RunTime:0.001000s ]
NOTIC: [2048] Declaration of Admin\Controller\ChatController::index() should be compatible with Admin\Controller\TemplateController::index($t = 'index') D:\1php\game\Application\Admin\Controller\ChatController.class.php 第 14 行.
NOTIC: [2048] Declaration of Admin\Controller\ChatController::save() should be compatible with Admin\Controller\TemplateController::save($t = 'save') D:\1php\game\Application\Admin\Controller\ChatController.class.php 第 14 行.
SQL: SHOW COLUMNS FROM `game_model` [ RunTime:0.0070s ]
SQL: SELECT * FROM `game_model` WHERE `controller` = 'Chat' AND `action` = 'index' LIMIT 1   [ RunTime:0.0010s ]
SQL: SELECT * FROM `game_model` WHERE `belongid` = 86 AND `level` = 3  [ RunTime:0.0010s ]
SQL: SHOW COLUMNS FROM `game_chat` [ RunTime:0.0050s ]
SQL: SHOW COLUMNS FROM `game_chat` [ RunTime:0.0050s ]
SQL: SELECT COUNT(*) AS tp_count FROM game_chat c left JOIN game_user u ON c.user_id = u.id  LIMIT 1   [ RunTime:0.0000s ]
SQL: SELECT c.*,u.nick_name FROM game_chat c left JOIN game_user u ON c.user_id = u.id  LIMIT 0,10   [ RunTime:0.0000s ]
INFO: [ view_parse ] --START--
INFO: [ template_filter ] --START--
INFO: Run Behavior\ContentReplaceBehavior [ RunTime:0.000000s ]
INFO: [ template_filter ] --END-- [ RunTime:0.000000s ]
NOTIC: [8] Undefined index: keyword D:\1php\game\Application\Runtime\Cache\Admin\e42e874ed460f2c6e54e3ad411359b91.php 第 65 行.
NOTIC: [8] Undefined index: start_time D:\1php\game\Application\Runtime\Cache\Admin\e42e874ed460f2c6e54e3ad411359b91.php 第 75 行.
NOTIC: [8] Undefined index: end_time D:\1php\game\Application\Runtime\Cache\Admin\e42e874ed460f2c6e54e3ad411359b91.php 第 76 行.
INFO: Run Behavior\ParseTemplateBehavior [ RunTime:0.013000s ]
INFO: [ view_parse ] --END-- [ RunTime:0.013000s ]
INFO: [ view_filter ] --START--
INFO: Run Behavior\WriteHtmlCacheBehavior [ RunTime:0.001000s ]
INFO: [ view_filter ] --END-- [ RunTime:0.001000s ]
INFO: [ app_end ] --START--
INFO: Run Behavior\ShowPageTraceBehavior [ RunTime:0.001000s ]
INFO: [ app_end ] --END-- [ RunTime:0.001000s ]

[ 2018-04-27T16:42:41+08:00 ] ::1 /index.php/Admin/Chat/index
INFO: [ app_init ] --START--
INFO: Run Behavior\BuildLiteBehavior [ RunTime:0.001000s ]
INFO: [ app_init ] --END-- [ RunTime:0.001000s ]
INFO: [ app_begin ] --START--
INFO: Run Behavior\ReadHtmlCacheBehavior [ RunTime:0.001000s ]
INFO: [ app_begin ] --END-- [ RunTime:0.001000s ]
NOTIC: [2048] Declaration of Admin\Controller\ChatController::index() should be compatible with Admin\Controller\TemplateController::index($t = 'index') D:\1php\game\Application\Admin\Controller\ChatController.class.php 第 14 行.
NOTIC: [2048] Declaration of Admin\Controller\ChatController::save() should be compatible with Admin\Controller\TemplateController::save($t = 'save') D:\1php\game\Application\Admin\Controller\ChatController.class.php 第 14 行.
SQL: SHOW COLUMNS FROM `game_model` [ RunTime:0.0050s ]
SQL: SELECT * FROM `game_model` WHERE `controller` = 'Chat' AND `action` = 'index' LIMIT 1   [ RunTime:0.0000s ]
SQL: SELECT * FROM `game_model` WHERE `belongid` = 86 AND `level` = 3  [ RunTime:0.0000s ]
SQL: SHOW COLUMNS FROM `game_chat` [ RunTime:0.0050s ]
SQL: SHOW COLUMNS FROM `game_chat` [ RunTime:0.0060s ]
SQL: SELECT COUNT(*) AS tp_count FROM game_chat c left JOIN game_user u ON c.user_id = u.id  LIMIT 1   [ RunTime:0.0010s ]
SQL: SELECT c.*,u.nick_name FROM game_chat c left JOIN game_user u ON c.user_id = u.id  LIMIT 0,10   [ RunTime:0.0000s ]
INFO: [ view_parse ] --START--
INFO: [ template_filter ] --START--
INFO: Run Behavior\ContentReplaceBehavior [ RunTime:0.001000s ]
INFO: [ template_filter ] --END-- [ RunTime:0.001000s ]
NOTIC: [8] Undefined index: keyword D:\1php\game\Application\Runtime\Cache\Admin\e42e874ed460f2c6e54e3ad411359b91.php 第 65 行.
NOTIC: [8] Undefined index: start_time D:\1php\game\Application\Runtime\Cache\Admin\e42e874ed460f2c6e54e3ad411359b91.php 第 75 行.
NOTIC: [8] Undefined index: end_time D:\1php\game\Application\Runtime\Cache\Admin\e42e874ed460f2c6e54e3ad411359b91.php 第 76 行.
INFO: Run Behavior\ParseTemplateBehavior [ RunTime:0.017000s ]
INFO: [ view_parse ] --END-- [ RunTime:0.017000s ]
INFO: [ view_filter ] --START--
INFO: Run Behavior\WriteHtmlCacheBehavior [ RunTime:0.000000s ]
INFO: [ view_filter ] --END-- [ RunTime:0.000000s ]
INFO: [ app_end ] --START--
INFO: Run Behavior\ShowPageTraceBehavior [ RunTime:0.001000s ]
INFO: [ app_end ] --END-- [ RunTime:0.001000s ]

[ 2018-04-27T16:42:53+08:00 ] ::1 /index.php/Admin/Index/index.html
INFO: [ app_init ] --START--
INFO: Run Behavior\BuildLiteBehavior [ RunTime:0.000000s ]
INFO: [ app_init ] --END-- [ RunTime:0.000000s ]
INFO: [ app_begin ] --START--
INFO: Run Behavior\ReadHtmlCacheBehavior [ RunTime:0.001000s ]
INFO: [ app_begin ] --END-- [ RunTime:0.001000s ]

[ 2018-04-27T16:42:53+08:00 ] ::1 /index.php/Admin/Login/index.html
INFO: [ app_init ] --START--
INFO: Run Behavior\BuildLiteBehavior [ RunTime:0.000000s ]
INFO: [ app_init ] --END-- [ RunTime:0.001000s ]
INFO: [ app_begin ] --START--
INFO: Run Behavior\ReadHtmlCacheBehavior [ RunTime:0.001000s ]
INFO: [ app_begin ] --END-- [ RunTime:0.001000s ]
INFO: [ view_parse ] --START--
INFO: [ template_filter ] --START--
INFO: Run Behavior\ContentReplaceBehavior [ RunTime:0.000000s ]
INFO: [ template_filter ] --END-- [ RunTime:0.000000s ]
INFO: Run Behavior\ParseTemplateBehavior [ RunTime:0.006000s ]
INFO: [ view_parse ] --END-- [ RunTime:0.006000s ]
INFO: [ view_filter ] --START--
INFO: Run Behavior\WriteHtmlCacheBehavior [ RunTime:0.000000s ]
INFO: [ view_filter ] --END-- [ RunTime:0.000000s ]
INFO: [ app_end ] --START--
INFO: Run Behavior\ShowPageTraceBehavior [ RunTime:0.001000s ]
INFO: [ app_end ] --END-- [ RunTime:0.001000s ]

[ 2018-04-27T16:42:59+08:00 ] ::1 /index.php/Admin/Login/login
INFO: [ app_init ] --START--
INFO: Run Behavior\BuildLiteBehavior [ RunTime:0.000000s ]
INFO: [ app_init ] --END-- [ RunTime:0.000000s ]
INFO: [ app_begin ] --START--
INFO: Run Behavior\ReadHtmlCacheBehavior [ RunTime:0.000000s ]
INFO: [ app_begin ] --END-- [ RunTime:0.000000s ]
SQL: SHOW COLUMNS FROM `game_admin` [ RunTime:0.0040s ]
SQL: SELECT * FROM `game_admin` WHERE `username` = 'admin' AND `password` = '21232f297a57a5a743894a0e4a801fc3' LIMIT 1   [ RunTime:0.0010s ]
SQL: SHOW COLUMNS FROM `game_model` [ RunTime:0.0040s ]
SQL: SELECT * FROM `game_model`  [ RunTime:0.0000s ]
SQL: SHOW COLUMNS FROM `game_admin_log` [ RunTime:0.0040s ]
SQL: INSERT INTO `game_admin_log` (`admin_id`,`admin_name`,`time`,`login_ip`,`details`,`type`) VALUES ('1','admin','1524818579','0.0.0.0','登录','0') [ RunTime:0.0030s ]
SQL: UPDATE `game_admin` SET `login_time`='1524818579',`login_ip`='0.0.0.0' WHERE `id` = '1' [ RunTime:0.0030s ]
SQL: SHOW COLUMNS FROM `game_error` [ RunTime:0.0040s ]
SQL: SELECT * FROM `game_error` WHERE `error_id` = 10002 LIMIT 1   [ RunTime:0.0000s ]

[ 2018-04-27T16:43:01+08:00 ] ::1 /index.php/Admin/Index/index.html
INFO: [ app_init ] --START--
INFO: Run Behavior\BuildLiteBehavior [ RunTime:0.000000s ]
INFO: [ app_init ] --END-- [ RunTime:0.001000s ]
INFO: [ app_begin ] --START--
INFO: Run Behavior\ReadHtmlCacheBehavior [ RunTime:0.000000s ]
INFO: [ app_begin ] --END-- [ RunTime:0.000000s ]
SQL: SHOW COLUMNS FROM `game_model` [ RunTime:0.0030s ]
SQL: SELECT * FROM `game_model` WHERE `controller` = 'Index' AND `action` = 'index' LIMIT 1   [ RunTime:0.0000s ]
SQL: SELECT * FROM `game_model` WHERE `belongid` = null AND `level` = 3  [ RunTime:0.0000s ]
INFO: [ view_parse ] --START--
INFO: [ template_filter ] --START--
INFO: Run Behavior\ContentReplaceBehavior [ RunTime:0.000000s ]
INFO: [ template_filter ] --END-- [ RunTime:0.000000s ]
NOTIC: [8] Undefined index: id D:\1php\game\Application\Runtime\Cache\Admin\b595b808c2ebeeeb0478ffc30bb4e87a.php 第 66 行.
INFO: Run Behavior\ParseTemplateBehavior [ RunTime:0.011000s ]
INFO: [ view_parse ] --END-- [ RunTime:0.011000s ]
INFO: [ view_filter ] --START--
INFO: Run Behavior\WriteHtmlCacheBehavior [ RunTime:0.001000s ]
INFO: [ view_filter ] --END-- [ RunTime:0.001000s ]
INFO: [ app_end ] --START--
INFO: Run Behavior\ShowPageTraceBehavior [ RunTime:0.001000s ]
INFO: [ app_end ] --END-- [ RunTime:0.001000s ]

[ 2018-04-27T16:43:02+08:00 ] ::1 /index.php/Admin/Index/welcome.html
INFO: [ app_init ] --START--
INFO: Run Behavior\BuildLiteBehavior [ RunTime:0.000000s ]
INFO: [ app_init ] --END-- [ RunTime:0.000000s ]
INFO: [ app_begin ] --START--
INFO: Run Behavior\ReadHtmlCacheBehavior [ RunTime:0.000000s ]
INFO: [ app_begin ] --END-- [ RunTime:0.000000s ]
SQL: SHOW COLUMNS FROM `game_model` [ RunTime:0.0030s ]
SQL: SELECT * FROM `game_model` WHERE `controller` = 'Index' AND `action` = 'welcome' LIMIT 1   [ RunTime:0.0000s ]
SQL: SELECT * FROM `game_model` WHERE `belongid` = null AND `level` = 3  [ RunTime:0.0010s ]
INFO: [ view_parse ] --START--
INFO: [ template_filter ] --START--
INFO: Run Behavior\ContentReplaceBehavior [ RunTime:0.000000s ]
INFO: [ template_filter ] --END-- [ RunTime:0.000000s ]
INFO: Run Behavior\ParseTemplateBehavior [ RunTime:0.005000s ]
INFO: [ view_parse ] --END-- [ RunTime:0.005000s ]
INFO: [ view_filter ] --START--
INFO: Run Behavior\WriteHtmlCacheBehavior [ RunTime:0.001000s ]
INFO: [ view_filter ] --END-- [ RunTime:0.001000s ]
INFO: [ app_end ] --START--
INFO: Run Behavior\ShowPageTraceBehavior [ RunTime:0.001000s ]
INFO: [ app_end ] --END-- [ RunTime:0.001000s ]

[ 2018-04-27T16:43:05+08:00 ] ::1 /index.php/Admin/Chat/index
INFO: [ app_init ] --START--
INFO: Run Behavior\BuildLiteBehavior [ RunTime:0.000000s ]
INFO: [ app_init ] --END-- [ RunTime:0.000000s ]
INFO: [ app_begin ] --START--
INFO: Run Behavior\ReadHtmlCacheBehavior [ RunTime:0.000000s ]
INFO: [ app_begin ] --END-- [ RunTime:0.001000s ]
NOTIC: [2048] Declaration of Admin\Controller\ChatController::index() should be compatible with Admin\Controller\TemplateController::index($t = 'index') D:\1php\game\Application\Admin\Controller\ChatController.class.php 第 14 行.
NOTIC: [2048] Declaration of Admin\Controller\ChatController::save() should be compatible with Admin\Controller\TemplateController::save($t = 'save') D:\1php\game\Application\Admin\Controller\ChatController.class.php 第 14 行.
SQL: SHOW COLUMNS FROM `game_model` [ RunTime:0.0030s ]
SQL: SELECT * FROM `game_model` WHERE `controller` = 'Chat' AND `action` = 'index' LIMIT 1   [ RunTime:0.0010s ]
SQL: SELECT * FROM `game_model` WHERE `belongid` = 86 AND `level` = 3  [ RunTime:0.0000s ]
SQL: SHOW COLUMNS FROM `game_chat` [ RunTime:0.0020s ]
SQL: SHOW COLUMNS FROM `game_chat` [ RunTime:0.0020s ]
SQL: SELECT COUNT(*) AS tp_count FROM game_chat c left JOIN game_user u ON c.user_id = u.id  LIMIT 1   [ RunTime:0.0000s ]
SQL: SELECT c.*,u.nick_name FROM game_chat c left JOIN game_user u ON c.user_id = u.id  LIMIT 0,10   [ RunTime:0.0000s ]
INFO: [ view_parse ] --START--
INFO: [ template_filter ] --START--
INFO: Run Behavior\ContentReplaceBehavior [ RunTime:0.000000s ]
INFO: [ template_filter ] --END-- [ RunTime:0.000000s ]
NOTIC: [8] Undefined index: keyword D:\1php\game\Application\Runtime\Cache\Admin\e42e874ed460f2c6e54e3ad411359b91.php 第 65 行.
NOTIC: [8] Undefined index: start_time D:\1php\game\Application\Runtime\Cache\Admin\e42e874ed460f2c6e54e3ad411359b91.php 第 75 行.
NOTIC: [8] Undefined index: end_time D:\1php\game\Application\Runtime\Cache\Admin\e42e874ed460f2c6e54e3ad411359b91.php 第 76 行.
INFO: Run Behavior\ParseTemplateBehavior [ RunTime:0.010000s ]
INFO: [ view_parse ] --END-- [ RunTime:0.010000s ]
INFO: [ view_filter ] --START--
INFO: Run Behavior\WriteHtmlCacheBehavior [ RunTime:0.000000s ]
INFO: [ view_filter ] --END-- [ RunTime:0.000000s ]
INFO: [ app_end ] --START--
INFO: Run Behavior\ShowPageTraceBehavior [ RunTime:0.000000s ]
INFO: [ app_end ] --END-- [ RunTime:0.000000s ]

[ 2018-04-27T16:43:09+08:00 ] ::1 /index.php/Admin/Login/index.html
INFO: [ app_init ] --START--
INFO: Run Behavior\BuildLiteBehavior [ RunTime:0.000000s ]
INFO: [ app_init ] --END-- [ RunTime:0.001000s ]
INFO: [ app_begin ] --START--
INFO: Run Behavior\ReadHtmlCacheBehavior [ RunTime:0.001000s ]
INFO: [ app_begin ] --END-- [ RunTime:0.001000s ]
INFO: [ view_parse ] --START--
INFO: [ template_filter ] --START--
INFO: Run Behavior\ContentReplaceBehavior [ RunTime:0.000000s ]
INFO: [ template_filter ] --END-- [ RunTime:0.000000s ]
INFO: Run Behavior\ParseTemplateBehavior [ RunTime:0.009000s ]
INFO: [ view_parse ] --END-- [ RunTime:0.009000s ]
INFO: [ view_filter ] --START--
INFO: Run Behavior\WriteHtmlCacheBehavior [ RunTime:0.000000s ]
INFO: [ view_filter ] --END-- [ RunTime:0.000000s ]
INFO: [ app_end ] --START--
INFO: Run Behavior\ShowPageTraceBehavior [ RunTime:0.001000s ]
INFO: [ app_end ] --END-- [ RunTime:0.001000s ]

[ 2018-04-27T16:43:57+08:00 ] ::1 /index.php/Admin/Chat/index
INFO: [ app_init ] --START--
INFO: Run Behavior\BuildLiteBehavior [ RunTime:0.000000s ]
INFO: [ app_init ] --END-- [ RunTime:0.000000s ]
INFO: [ app_begin ] --START--
INFO: Run Behavior\ReadHtmlCacheBehavior [ RunTime:0.000000s ]
INFO: [ app_begin ] --END-- [ RunTime:0.000000s ]
NOTIC: [2048] Declaration of Admin\Controller\ChatController::index() should be compatible with Admin\Controller\TemplateController::index($t = 'index') D:\1php\game\Application\Admin\Controller\ChatController.class.php 第 14 行.
NOTIC: [2048] Declaration of Admin\Controller\ChatController::save() should be compatible with Admin\Controller\TemplateController::save($t = 'save') D:\1php\game\Application\Admin\Controller\ChatController.class.php 第 14 行.
SQL: SHOW COLUMNS FROM `game_model` [ RunTime:0.0060s ]
SQL: SELECT * FROM `game_model` WHERE `controller` = 'Chat' AND `action` = 'index' LIMIT 1   [ RunTime:0.0010s ]
SQL: SELECT * FROM `game_model` WHERE `belongid` = 86 AND `level` = 3  [ RunTime:0.0010s ]
SQL: SHOW COLUMNS FROM `game_chat` [ RunTime:0.0050s ]
SQL: SHOW COLUMNS FROM `game_chat` [ RunTime:0.0060s ]
SQL: SELECT COUNT(*) AS tp_count FROM game_chat c left JOIN game_user u ON c.user_id = u.id  LIMIT 1   [ RunTime:0.0000s ]
SQL: SELECT c.*,u.nick_name FROM game_chat c left JOIN game_user u ON c.user_id = u.id  LIMIT 0,10   [ RunTime:0.0000s ]
INFO: [ view_parse ] --START--
INFO: [ template_filter ] --START--
INFO: Run Behavior\ContentReplaceBehavior [ RunTime:0.000000s ]
INFO: [ template_filter ] --END-- [ RunTime:0.000000s ]
NOTIC: [8] Undefined index: keyword D:\1php\game\Application\Runtime\Cache\Admin\e42e874ed460f2c6e54e3ad411359b91.php 第 65 行.
NOTIC: [8] Undefined index: start_time D:\1php\game\Application\Runtime\Cache\Admin\e42e874ed460f2c6e54e3ad411359b91.php 第 75 行.
NOTIC: [8] Undefined index: end_time D:\1php\game\Application\Runtime\Cache\Admin\e42e874ed460f2c6e54e3ad411359b91.php 第 76 行.
INFO: Run Behavior\ParseTemplateBehavior [ RunTime:0.011000s ]
INFO: [ view_parse ] --END-- [ RunTime:0.011000s ]
INFO: [ view_filter ] --START--
INFO: Run Behavior\WriteHtmlCacheBehavior [ RunTime:0.001000s ]
INFO: [ view_filter ] --END-- [ RunTime:0.001000s ]
INFO: [ app_end ] --START--
INFO: Run Behavior\ShowPageTraceBehavior [ RunTime:0.001000s ]
INFO: [ app_end ] --END-- [ RunTime:0.001000s ]

[ 2018-04-27T16:43:58+08:00 ] ::1 /index.php/Admin/Chat/save/id/1
INFO: [ app_init ] --START--
INFO: Run Behavior\BuildLiteBehavior [ RunTime:0.000000s ]
INFO: [ app_init ] --END-- [ RunTime:0.000000s ]
INFO: [ app_begin ] --START--
INFO: Run Behavior\ReadHtmlCacheBehavior [ RunTime:0.001000s ]
INFO: [ app_begin ] --END-- [ RunTime:0.002000s ]
NOTIC: [2048] Declaration of Admin\Controller\ChatController::index() should be compatible with Admin\Controller\TemplateController::index($t = 'index') D:\1php\game\Application\Admin\Controller\ChatController.class.php 第 14 行.
NOTIC: [2048] Declaration of Admin\Controller\ChatController::save() should be compatible with Admin\Controller\TemplateController::save($t = 'save') D:\1php\game\Application\Admin\Controller\ChatController.class.php 第 14 行.
SQL: SHOW COLUMNS FROM `game_model` [ RunTime:0.0040s ]
SQL: SELECT * FROM `game_model` WHERE `controller` = 'Chat' AND `action` = 'save' LIMIT 1   [ RunTime:0.0000s ]
SQL: SELECT * FROM `game_model` WHERE `belongid` = 94 AND `level` = 3  [ RunTime:0.0000s ]

[ 2018-04-27T16:44:05+08:00 ] ::1 /index.php/Admin/Games/rule
INFO: [ app_init ] --START--
INFO: Run Behavior\BuildLiteBehavior [ RunTime:0.000000s ]
INFO: [ app_init ] --END-- [ RunTime:0.000000s ]
INFO: [ app_begin ] --START--
INFO: Run Behavior\ReadHtmlCacheBehavior [ RunTime:0.001000s ]
INFO: [ app_begin ] --END-- [ RunTime:0.001000s ]
SQL: SHOW COLUMNS FROM `game_model` [ RunTime:0.0050s ]
SQL: SELECT * FROM `game_model` WHERE `controller` = 'Games' AND `action` = 'rule' LIMIT 1   [ RunTime:0.0000s ]
SQL: SELECT * FROM `game_model` WHERE `belongid` = 87 AND `level` = 3  [ RunTime:0.0000s ]
ERR: 非法操作:rule

[ 2018-04-27T16:44:08+08:00 ] ::1 /index.php/Admin/Api/index
INFO: [ app_init ] --START--
INFO: Run Behavior\BuildLiteBehavior [ RunTime:0.000000s ]
INFO: [ app_init ] --END-- [ RunTime:0.000000s ]
INFO: [ app_begin ] --START--
INFO: Run Behavior\ReadHtmlCacheBehavior [ RunTime:0.001000s ]
INFO: [ app_begin ] --END-- [ RunTime:0.001000s ]
ERR: 非法操作:index

[ 2018-04-27T16:44:11+08:00 ] ::1 /index.php/Admin/Order/index
INFO: [ app_init ] --START--
INFO: Run Behavior\BuildLiteBehavior [ RunTime:0.000000s ]
INFO: [ app_init ] --END-- [ RunTime:0.000000s ]
INFO: [ app_begin ] --START--
INFO: Run Behavior\ReadHtmlCacheBehavior [ RunTime:0.001000s ]
INFO: [ app_begin ] --END-- [ RunTime:0.001000s ]
ERR: 无法加载控制器:Order

[ 2018-04-27T16:44:13+08:00 ] ::1 /index.php/Admin/User/index
INFO: [ app_init ] --START--
INFO: Run Behavior\BuildLiteBehavior [ RunTime:0.000000s ]
INFO: [ app_init ] --END-- [ RunTime:0.000000s ]
INFO: [ app_begin ] --START--
INFO: Run Behavior\ReadHtmlCacheBehavior [ RunTime:0.001000s ]
INFO: [ app_begin ] --END-- [ RunTime:0.001000s ]
NOTIC: [2048] Declaration of Admin\Controller\UserController::index() should be compatible with Admin\Controller\TemplateController::index($t = 'index') D:\1php\game\Application\Admin\Controller\UserController.class.php 第 14 行.
SQL: SHOW COLUMNS FROM `game_model` [ RunTime:0.0060s ]
SQL: SELECT * FROM `game_model` WHERE `controller` = 'User' AND `action` = 'index' LIMIT 1   [ RunTime:0.0010s ]
SQL: SELECT * FROM `game_model` WHERE `belongid` = 18 AND `level` = 3  [ RunTime:0.0010s ]
SQL: SHOW COLUMNS FROM `game_user` [ RunTime:0.0060s ]
SQL: SHOW COLUMNS FROM `game_user` [ RunTime:0.0060s ]
SQL: SELECT COUNT(*) AS tp_count FROM `game_user` LIMIT 1   [ RunTime:0.0000s ]
SQL: SELECT * FROM `game_user` LIMIT 0,10   [ RunTime:0.0010s ]
INFO: [ view_parse ] --START--
INFO: [ template_filter ] --START--
INFO: Run Behavior\ContentReplaceBehavior [ RunTime:0.000000s ]
INFO: [ template_filter ] --END-- [ RunTime:0.000000s ]
NOTIC: [8] Undefined variable: vo D:\1php\game\Application\Runtime\Cache\Admin\65e605872ed5d34210f5b33beb13f5a3.php 第 56 行.
NOTIC: [8] Undefined variable: vo D:\1php\game\Application\Runtime\Cache\Admin\65e605872ed5d34210f5b33beb13f5a3.php 第 56 行.
NOTIC: [8] Undefined index: keyword D:\1php\game\Application\Runtime\Cache\Admin\65e605872ed5d34210f5b33beb13f5a3.php 第 67 行.
NOTIC: [8] Undefined index: start_time D:\1php\game\Application\Runtime\Cache\Admin\65e605872ed5d34210f5b33beb13f5a3.php 第 71 行.
NOTIC: [8] Undefined index: end_time D:\1php\game\Application\Runtime\Cache\Admin\65e605872ed5d34210f5b33beb13f5a3.php 第 72 行.
NOTIC: [8] Undefined index: comment D:\1php\game\Application\Runtime\Cache\Admin\65e605872ed5d34210f5b33beb13f5a3.php 第 98 行.
NOTIC: [8] Undefined index: invite_code D:\1php\game\Application\Runtime\Cache\Admin\65e605872ed5d34210f5b33beb13f5a3.php 第 101 行.
NOTIC: [8] Undefined variable: parentList D:\1php\game\Application\Runtime\Cache\Admin\65e605872ed5d34210f5b33beb13f5a3.php 第 107 行.
NOTIC: [8] Undefined index: display_order D:\1php\game\Application\Runtime\Cache\Admin\65e605872ed5d34210f5b33beb13f5a3.php 第 112 行.
NOTIC: [8] Undefined index: display_order_field D:\1php\game\Application\Runtime\Cache\Admin\65e605872ed5d34210f5b33beb13f5a3.php 第 114 行.
NOTIC: [8] Undefined index: parent_user_name D:\1php\game\Application\Runtime\Cache\Admin\65e605872ed5d34210f5b33beb13f5a3.php 第 158 行.
NOTIC: [8] Undefined index: title D:\1php\game\Application\Runtime\Cache\Admin\65e605872ed5d34210f5b33beb13f5a3.php 第 168 行.
NOTIC: [8] Undefined index: title D:\1php\game\Application\Runtime\Cache\Admin\65e605872ed5d34210f5b33beb13f5a3.php 第 168 行.
NOTIC: [8] Undefined index: title D:\1php\game\Application\Runtime\Cache\Admin\65e605872ed5d34210f5b33beb13f5a3.php 第 168 行.
NOTIC: [8] Undefined index: title D:\1php\game\Application\Runtime\Cache\Admin\65e605872ed5d34210f5b33beb13f5a3.php 第 168 行.
NOTIC: [8] Undefined index: parent_user_name D:\1php\game\Application\Runtime\Cache\Admin\65e605872ed5d34210f5b33beb13f5a3.php 第 158 行.
NOTIC: [8] Undefined index: title D:\1php\game\Application\Runtime\Cache\Admin\65e605872ed5d34210f5b33beb13f5a3.php 第 168 行.
NOTIC: [8] Undefined index: title D:\1php\game\Application\Runtime\Cache\Admin\65e605872ed5d34210f5b33beb13f5a3.php 第 168 行.
NOTIC: [8] Undefined index: title D:\1php\game\Application\Runtime\Cache\Admin\65e605872ed5d34210f5b33beb13f5a3.php 第 168 行.
NOTIC: [8] Undefined index: title D:\1php\game\Application\Runtime\Cache\Admin\65e605872ed5d34210f5b33beb13f5a3.php 第 168 行.
NOTIC: [8] Undefined index: parent_user_name D:\1php\game\Application\Runtime\Cache\Admin\65e605872ed5d34210f5b33beb13f5a3.php 第 158 行.
NOTIC: [8] Undefined index: title D:\1php\game\Application\Runtime\Cache\Admin\65e605872ed5d34210f5b33beb13f5a3.php 第 168 行.
NOTIC: [8] Undefined index: title D:\1php\game\Application\Runtime\Cache\Admin\65e605872ed5d34210f5b33beb13f5a3.php 第 168 行.
NOTIC: [8] Undefined index: title D:\1php\game\Application\Runtime\Cache\Admin\65e605872ed5d34210f5b33beb13f5a3.php 第 168 行.
NOTIC: [8] Undefined index: title D:\1php\game\Application\Runtime\Cache\Admin\65e605872ed5d34210f5b33beb13f5a3.php 第 168 行.
NOTIC: [8] Undefined index: parent_user_name D:\1php\game\Application\Runtime\Cache\Admin\65e605872ed5d34210f5b33beb13f5a3.php 第 158 行.
NOTIC: [8] Undefined index: title D:\1php\game\Application\Runtime\Cache\Admin\65e605872ed5d34210f5b33beb13f5a3.php 第 168 行.
NOTIC: [8] Undefined index: title D:\1php\game\Application\Runtime\Cache\Admin\65e605872ed5d34210f5b33beb13f5a3.php 第 168 行.
NOTIC: [8] Undefined index: title D:\1php\game\Application\Runtime\Cache\Admin\65e605872ed5d34210f5b33beb13f5a3.php 第 168 行.
NOTIC: [8] Undefined index: title D:\1php\game\Application\Runtime\Cache\Admin\65e605872ed5d34210f5b33beb13f5a3.php 第 168 行.
NOTIC: [8] Undefined index: parent_user_name D:\1php\game\Application\Runtime\Cache\Admin\65e605872ed5d34210f5b33beb13f5a3.php 第 158 行.
NOTIC: [8] Undefined index: title D:\1php\game\Application\Runtime\Cache\Admin\65e605872ed5d34210f5b33beb13f5a3.php 第 168 行.
NOTIC: [8] Undefined index: title D:\1php\game\Application\Runtime\Cache\Admin\65e605872ed5d34210f5b33beb13f5a3.php 第 168 行.
NOTIC: [8] Undefined index: title D:\1php\game\Application\Runtime\Cache\Admin\65e605872ed5d34210f5b33beb13f5a3.php 第 168 行.
NOTIC: [8] Undefined index: title D:\1php\game\Application\Runtime\Cache\Admin\65e605872ed5d34210f5b33beb13f5a3.php 第 168 行.
NOTIC: [8] Undefined index: parent_user_name D:\1php\game\Application\Runtime\Cache\Admin\65e605872ed5d34210f5b33beb13f5a3.php 第 158 行.
NOTIC: [8] Undefined index: title D:\1php\game\Application\Runtime\Cache\Admin\65e605872ed5d34210f5b33beb13f5a3.php 第 168 行.
NOTIC: [8] Undefined index: title D:\1php\game\Application\Runtime\Cache\Admin\65e605872ed5d34210f5b33beb13f5a3.php 第 168 行.
NOTIC: [8] Undefined index: title D:\1php\game\Application\Runtime\Cache\Admin\65e605872ed5d34210f5b33beb13f5a3.php 第 168 行.
NOTIC: [8] Undefined index: title D:\1php\game\Application\Runtime\Cache\Admin\65e605872ed5d34210f5b33beb13f5a3.php 第 168 行.
INFO: Run Behavior\ParseTemplateBehavior [ RunTime:0.022000s ]
INFO: [ view_parse ] --END-- [ RunTime:0.022000s ]
INFO: [ view_filter ] --START--
INFO: Run Behavior\WriteHtmlCacheBehavior [ RunTime:0.001000s ]
INFO: [ view_filter ] --END-- [ RunTime:0.001000s ]
INFO: [ app_end ] --START--
INFO: Run Behavior\ShowPageTraceBehavior [ RunTime:0.001000s ]
INFO: [ app_end ] --END-- [ RunTime:0.001000s ]

[ 2018-04-27T16:44:16+08:00 ] ::1 /index.php/Admin/User/save/id/1
INFO: [ app_init ] --START--
INFO: Run Behavior\BuildLiteBehavior [ RunTime:0.000000s ]
INFO: [ app_init ] --END-- [ RunTime:0.000000s ]
INFO: [ app_begin ] --START--
INFO: Run Behavior\ReadHtmlCacheBehavior [ RunTime:0.001000s ]
INFO: [ app_begin ] --END-- [ RunTime:0.001000s ]
NOTIC: [2048] Declaration of Admin\Controller\UserController::index() should be compatible with Admin\Controller\TemplateController::index($t = 'index') D:\1php\game\Application\Admin\Controller\UserController.class.php 第 14 行.
SQL: SHOW COLUMNS FROM `game_model` [ RunTime:0.0040s ]
SQL: SELECT * FROM `game_model` WHERE `controller` = 'User' AND `action` = 'save' LIMIT 1   [ RunTime:0.0010s ]
SQL: SELECT * FROM `game_model` WHERE `belongid` = 20 AND `level` = 3  [ RunTime:0.0010s ]
SQL: SHOW COLUMNS FROM `game_user` [ RunTime:0.0050s ]
SQL: SELECT * FROM `game_user` WHERE `id` = 1 LIMIT 1   [ RunTime:0.0010s ]
INFO: [ view_parse ] --START--
INFO: [ template_filter ] --START--
INFO: Run Behavior\ContentReplaceBehavior [ RunTime:0.000000s ]
INFO: [ template_filter ] --END-- [ RunTime:0.000000s ]
INFO: Run Behavior\ParseTemplateBehavior [ RunTime:0.013000s ]
INFO: [ view_parse ] --END-- [ RunTime:0.013000s ]
INFO: [ view_filter ] --START--
INFO: Run Behavior\WriteHtmlCacheBehavior [ RunTime:0.000000s ]
INFO: [ view_filter ] --END-- [ RunTime:0.000000s ]
INFO: [ app_end ] --START--
INFO: Run Behavior\ShowPageTraceBehavior [ RunTime:0.001000s ]
INFO: [ app_end ] --END-- [ RunTime:0.002000s ]

[ 2018-04-27T16:44:59+08:00 ] ::1 /index.php/Admin/Chat/index
INFO: [ app_init ] --START--
INFO: Run Behavior\BuildLiteBehavior [ RunTime:0.000000s ]
INFO: [ app_init ] --END-- [ RunTime:0.001000s ]
INFO: [ app_begin ] --START--
INFO: Run Behavior\ReadHtmlCacheBehavior [ RunTime:0.000000s ]
INFO: [ app_begin ] --END-- [ RunTime:0.000000s ]
NOTIC: [2048] Declaration of Admin\Controller\ChatController::index() should be compatible with Admin\Controller\TemplateController::index($t = 'index') D:\1php\game\Application\Admin\Controller\ChatController.class.php 第 14 行.
NOTIC: [2048] Declaration of Admin\Controller\ChatController::save() should be compatible with Admin\Controller\TemplateController::save($t = 'save') D:\1php\game\Application\Admin\Controller\ChatController.class.php 第 14 行.
SQL: SHOW COLUMNS FROM `game_model` [ RunTime:0.0070s ]
SQL: SELECT * FROM `game_model` WHERE `controller` = 'Chat' AND `action` = 'index' LIMIT 1   [ RunTime:0.0010s ]
SQL: SELECT * FROM `game_model` WHERE `belongid` = 86 AND `level` = 3  [ RunTime:0.0000s ]
SQL: SHOW COLUMNS FROM `game_chat` [ RunTime:0.0070s ]
SQL: SHOW COLUMNS FROM `game_chat` [ RunTime:0.0040s ]
SQL: SELECT COUNT(*) AS tp_count FROM game_chat c left JOIN game_user u ON c.user_id = u.id  LIMIT 1   [ RunTime:0.0000s ]
SQL: SELECT c.*,u.nick_name FROM game_chat c left JOIN game_user u ON c.user_id = u.id  LIMIT 0,10   [ RunTime:0.0010s ]
INFO: [ view_parse ] --START--
INFO: [ template_filter ] --START--
INFO: Run Behavior\ContentReplaceBehavior [ RunTime:0.000000s ]
INFO: [ template_filter ] --END-- [ RunTime:0.000000s ]
NOTIC: [8] Undefined index: keyword D:\1php\game\Application\Runtime\Cache\Admin\e42e874ed460f2c6e54e3ad411359b91.php 第 65 行.
NOTIC: [8] Undefined index: start_time D:\1php\game\Application\Runtime\Cache\Admin\e42e874ed460f2c6e54e3ad411359b91.php 第 75 行.
NOTIC: [8] Undefined index: end_time D:\1php\game\Application\Runtime\Cache\Admin\e42e874ed460f2c6e54e3ad411359b91.php 第 76 行.
INFO: Run Behavior\ParseTemplateBehavior [ RunTime:0.015000s ]
INFO: [ view_parse ] --END-- [ RunTime:0.015000s ]
INFO: [ view_filter ] --START--
INFO: Run Behavior\WriteHtmlCacheBehavior [ RunTime:0.001000s ]
INFO: [ view_filter ] --END-- [ RunTime:0.001000s ]
INFO: [ app_end ] --START--
INFO: Run Behavior\ShowPageTraceBehavior [ RunTime:0.001000s ]
INFO: [ app_end ] --END-- [ RunTime:0.001000s ]

[ 2018-04-27T16:45:00+08:00 ] ::1 /index.php/Admin/Chat/save/id/1
INFO: [ app_init ] --START--
INFO: Run Behavior\BuildLiteBehavior [ RunTime:0.000000s ]
INFO: [ app_init ] --END-- [ RunTime:0.001000s ]
INFO: [ app_begin ] --START--
INFO: Run Behavior\ReadHtmlCacheBehavior [ RunTime:0.000000s ]
INFO: [ app_begin ] --END-- [ RunTime:0.000000s ]
NOTIC: [2048] Declaration of Admin\Controller\ChatController::index() should be compatible with Admin\Controller\TemplateController::index($t = 'index') D:\1php\game\Application\Admin\Controller\ChatController.class.php 第 14 行.
NOTIC: [2048] Declaration of Admin\Controller\ChatController::save() should be compatible with Admin\Controller\TemplateController::save($t = 'save') D:\1php\game\Application\Admin\Controller\ChatController.class.php 第 14 行.
SQL: SHOW COLUMNS FROM `game_model` [ RunTime:0.0070s ]
SQL: SELECT * FROM `game_model` WHERE `controller` = 'Chat' AND `action` = 'save' LIMIT 1   [ RunTime:0.0010s ]
SQL: SELECT * FROM `game_model` WHERE `belongid` = 94 AND `level` = 3  [ RunTime:0.0010s ]

[ 2018-04-27T16:45:11+08:00 ] ::1 /index.php/Admin/Chat/save/id/1
INFO: [ app_init ] --START--
INFO: Run Behavior\BuildLiteBehavior [ RunTime:0.000000s ]
INFO: [ app_init ] --END-- [ RunTime:0.001000s ]
INFO: [ app_begin ] --START--
INFO: Run Behavior\ReadHtmlCacheBehavior [ RunTime:0.001000s ]
INFO: [ app_begin ] --END-- [ RunTime:0.001000s ]
NOTIC: [2048] Declaration of Admin\Controller\ChatController::index() should be compatible with Admin\Controller\TemplateController::index($t = 'index') D:\1php\game\Application\Admin\Controller\ChatController.class.php 第 14 行.
SQL: SHOW COLUMNS FROM `game_model` [ RunTime:0.0040s ]
SQL: SELECT * FROM `game_model` WHERE `controller` = 'Chat' AND `action` = 'save' LIMIT 1   [ RunTime:0.0010s ]
SQL: SELECT * FROM `game_model` WHERE `belongid` = 94 AND `level` = 3  [ RunTime:0.0010s ]
SQL: SHOW COLUMNS FROM `game_chat` [ RunTime:0.0050s ]
SQL: SELECT * FROM `game_chat` WHERE `id` = 1 LIMIT 1   [ RunTime:0.0010s ]
INFO: [ view_parse ] --START--
INFO: [ template_filter ] --START--
INFO: Run Behavior\ContentReplaceBehavior [ RunTime:0.000000s ]
INFO: [ template_filter ] --END-- [ RunTime:0.000000s ]
INFO: Run Behavior\ParseTemplateBehavior [ RunTime:0.013000s ]
INFO: [ view_parse ] --END-- [ RunTime:0.013000s ]
INFO: [ view_filter ] --START--
INFO: Run Behavior\WriteHtmlCacheBehavior [ RunTime:0.001000s ]
INFO: [ view_filter ] --END-- [ RunTime:0.001000s ]
INFO: [ app_end ] --START--
INFO: Run Behavior\ShowPageTraceBehavior [ RunTime:0.001000s ]
INFO: [ app_end ] --END-- [ RunTime:0.001000s ]

[ 2018-04-27T16:45:19+08:00 ] ::1 /index.php/Admin/Chat/save/id/1
INFO: [ app_init ] --START--
INFO: Run Behavior\BuildLiteBehavior [ RunTime:0.000000s ]
INFO: [ app_init ] --END-- [ RunTime:0.001000s ]
INFO: [ app_begin ] --START--
INFO: Run Behavior\ReadHtmlCacheBehavior [ RunTime:0.001000s ]
INFO: [ app_begin ] --END-- [ RunTime:0.001000s ]
NOTIC: [2048] Declaration of Admin\Controller\ChatController::index() should be compatible with Admin\Controller\TemplateController::index($t = 'index') D:\1php\game\Application\Admin\Controller\ChatController.class.php 第 14 行.
SQL: SHOW COLUMNS FROM `game_model` [ RunTime:0.0040s ]
SQL: SELECT * FROM `game_model` WHERE `controller` = 'Chat' AND `action` = 'save' LIMIT 1   [ RunTime:0.0000s ]
SQL: SELECT * FROM `game_model` WHERE `belongid` = 94 AND `level` = 3  [ RunTime:0.0010s ]
SQL: SHOW COLUMNS FROM `game_chat` [ RunTime:0.0040s ]
SQL: SELECT * FROM `game_chat` WHERE `id` = 1 LIMIT 1   [ RunTime:0.0000s ]
INFO: [ view_parse ] --START--
INFO: [ template_filter ] --START--
INFO: Run Behavior\ContentReplaceBehavior [ RunTime:0.000000s ]
INFO: [ template_filter ] --END-- [ RunTime:0.000000s ]
INFO: Run Behavior\ParseTemplateBehavior [ RunTime:0.008000s ]
INFO: [ view_parse ] --END-- [ RunTime:0.008000s ]
INFO: [ view_filter ] --START--
INFO: Run Behavior\WriteHtmlCacheBehavior [ RunTime:0.000000s ]
INFO: [ view_filter ] --END-- [ RunTime:0.000000s ]
INFO: [ app_end ] --START--
INFO: Run Behavior\ShowPageTraceBehavior [ RunTime:0.001000s ]
INFO: [ app_end ] --END-- [ RunTime:0.001000s ]

[ 2018-04-27T16:46:18+08:00 ] ::1 /index.php/Admin/Chat/save/id/1
INFO: [ app_init ] --START--
INFO: Run Behavior\BuildLiteBehavior [ RunTime:0.000000s ]
INFO: [ app_init ] --END-- [ RunTime:0.001000s ]
INFO: [ app_begin ] --START--
INFO: Run Behavior\ReadHtmlCacheBehavior [ RunTime:0.000000s ]
INFO: [ app_begin ] --END-- [ RunTime:0.000000s ]
NOTIC: [2048] Declaration of Admin\Controller\ChatController::index() should be compatible with Admin\Controller\TemplateController::index($t = 'index') D:\1php\game\Application\Admin\Controller\ChatController.class.php 第 14 行.
SQL: SHOW COLUMNS FROM `game_model` [ RunTime:0.0050s ]
SQL: SELECT * FROM `game_model` WHERE `controller` = 'Chat' AND `action` = 'save' LIMIT 1   [ RunTime:0.0010s ]
SQL: SELECT * FROM `game_model` WHERE `belongid` = 94 AND `level` = 3  [ RunTime:0.0010s ]
SQL: SHOW COLUMNS FROM `game_chat` [ RunTime:0.0060s ]
SQL: SELECT * FROM `game_chat` WHERE `id` = 1 LIMIT 1   [ RunTime:0.0010s ]
INFO: [ view_parse ] --START--
INFO: [ template_filter ] --START--
INFO: Run Behavior\ContentReplaceBehavior [ RunTime:0.000000s ]
INFO: [ template_filter ] --END-- [ RunTime:0.000000s ]
INFO: Run Behavior\ParseTemplateBehavior [ RunTime:0.015000s ]
INFO: [ view_parse ] --END-- [ RunTime:0.015000s ]
INFO: [ view_filter ] --START--
INFO: Run Behavior\WriteHtmlCacheBehavior [ RunTime:0.001000s ]
INFO: [ view_filter ] --END-- [ RunTime:0.001000s ]
INFO: [ app_end ] --START--
INFO: Run Behavior\ShowPageTraceBehavior [ RunTime:0.002000s ]
INFO: [ app_end ] --END-- [ RunTime:0.002000s ]

[ 2018-04-27T16:46:28+08:00 ] ::1 /index.php/Admin/Chat/save/id/1
INFO: [ app_init ] --START--
INFO: Run Behavior\BuildLiteBehavior [ RunTime:0.000000s ]
INFO: [ app_init ] --END-- [ RunTime:0.001000s ]
INFO: [ app_begin ] --START--
INFO: Run Behavior\ReadHtmlCacheBehavior [ RunTime:0.001000s ]
INFO: [ app_begin ] --END-- [ RunTime:0.001000s ]
NOTIC: [2048] Declaration of Admin\Controller\ChatController::index() should be compatible with Admin\Controller\TemplateController::index($t = 'index') D:\1php\game\Application\Admin\Controller\ChatController.class.php 第 14 行.
SQL: SHOW COLUMNS FROM `game_model` [ RunTime:0.0070s ]
SQL: SELECT * FROM `game_model` WHERE `controller` = 'Chat' AND `action` = 'save' LIMIT 1   [ RunTime:0.0010s ]
SQL: SELECT * FROM `game_model` WHERE `belongid` = 94 AND `level` = 3  [ RunTime:0.0010s ]
SQL: SHOW COLUMNS FROM `game_chat` [ RunTime:0.0050s ]
SQL: SELECT * FROM `game_chat` WHERE `id` = 1 LIMIT 1   [ RunTime:0.0000s ]
INFO: [ view_parse ] --START--
INFO: [ template_filter ] --START--
INFO: Run Behavior\ContentReplaceBehavior [ RunTime:0.000000s ]
INFO: [ template_filter ] --END-- [ RunTime:0.000000s ]
INFO: Run Behavior\ParseTemplateBehavior [ RunTime:0.014000s ]
INFO: [ view_parse ] --END-- [ RunTime:0.014000s ]
INFO: [ view_filter ] --START--
INFO: Run Behavior\WriteHtmlCacheBehavior [ RunTime:0.001000s ]
INFO: [ view_filter ] --END-- [ RunTime:0.001000s ]
INFO: [ app_end ] --START--
INFO: Run Behavior\ShowPageTraceBehavior [ RunTime:0.002000s ]
INFO: [ app_end ] --END-- [ RunTime:0.002000s ]

[ 2018-04-27T16:46:37+08:00 ] ::1 /index.php/Admin/Chat/save/id/1
INFO: [ app_init ] --START--
INFO: Run Behavior\BuildLiteBehavior [ RunTime:0.000000s ]
INFO: [ app_init ] --END-- [ RunTime:0.001000s ]
INFO: [ app_begin ] --START--
INFO: Run Behavior\ReadHtmlCacheBehavior [ RunTime:0.001000s ]
INFO: [ app_begin ] --END-- [ RunTime:0.001000s ]
NOTIC: [2048] Declaration of Admin\Controller\ChatController::index() should be compatible with Admin\Controller\TemplateController::index($t = 'index') D:\1php\game\Application\Admin\Controller\ChatController.class.php 第 14 行.
SQL: SHOW COLUMNS FROM `game_model` [ RunTime:0.0030s ]
SQL: SELECT * FROM `game_model` WHERE `controller` = 'Chat' AND `action` = 'save' LIMIT 1   [ RunTime:0.0000s ]
SQL: SELECT * FROM `game_model` WHERE `belongid` = 94 AND `level` = 3  [ RunTime:0.0010s ]
SQL: SHOW COLUMNS FROM `game_chat` [ RunTime:0.0030s ]
SQL: SELECT * FROM `game_chat` WHERE `id` = 1 LIMIT 1   [ RunTime:0.0010s ]
INFO: [ view_parse ] --START--
INFO: [ template_filter ] --START--
INFO: Run Behavior\ContentReplaceBehavior [ RunTime:0.000000s ]
INFO: [ template_filter ] --END-- [ RunTime:0.000000s ]
INFO: Run Behavior\ParseTemplateBehavior [ RunTime:0.009000s ]
INFO: [ view_parse ] --END-- [ RunTime:0.009000s ]
INFO: [ view_filter ] --START--
INFO: Run Behavior\WriteHtmlCacheBehavior [ RunTime:0.001000s ]
INFO: [ view_filter ] --END-- [ RunTime:0.001000s ]
INFO: [ app_end ] --START--
INFO: Run Behavior\ShowPageTraceBehavior [ RunTime:0.001000s ]
INFO: [ app_end ] --END-- [ RunTime:0.001000s ]

[ 2018-04-27T17:04:57+08:00 ] ::1 /index.php/Admin/Chat/save/id/1
INFO: [ app_init ] --START--
INFO: Run Behavior\BuildLiteBehavior [ RunTime:0.000000s ]
INFO: [ app_init ] --END-- [ RunTime:0.001000s ]
INFO: [ app_begin ] --START--
INFO: Run Behavior\ReadHtmlCacheBehavior [ RunTime:0.001000s ]
INFO: [ app_begin ] --END-- [ RunTime:0.001000s ]
NOTIC: [2048] Declaration of Admin\Controller\ChatController::index() should be compatible with Admin\Controller\TemplateController::index($t = 'index') D:\1php\game\Application\Admin\Controller\ChatController.class.php 第 14 行.
SQL: SHOW COLUMNS FROM `game_model` [ RunTime:0.0050s ]
SQL: SELECT * FROM `game_model` WHERE `controller` = 'Chat' AND `action` = 'save' LIMIT 1   [ RunTime:0.0000s ]
SQL: SELECT * FROM `game_model` WHERE `belongid` = 94 AND `level` = 3  [ RunTime:0.0000s ]
SQL: SHOW COLUMNS FROM `game_chat` [ RunTime:0.0050s ]
SQL: SELECT * FROM `game_chat` WHERE `id` = 1 LIMIT 1   [ RunTime:0.0000s ]
INFO: [ view_parse ] --START--
INFO: [ template_filter ] --START--
INFO: Run Behavior\ContentReplaceBehavior [ RunTime:0.000000s ]
INFO: [ template_filter ] --END-- [ RunTime:0.000000s ]
INFO: Run Behavior\ParseTemplateBehavior [ RunTime:0.012000s ]
INFO: [ view_parse ] --END-- [ RunTime:0.012000s ]
INFO: [ view_filter ] --START--
INFO: Run Behavior\WriteHtmlCacheBehavior [ RunTime:0.000000s ]
INFO: [ view_filter ] --END-- [ RunTime:0.000000s ]
INFO: [ app_end ] --START--
INFO: Run Behavior\ShowPageTraceBehavior [ RunTime:0.001000s ]
INFO: [ app_end ] --END-- [ RunTime:0.001000s ]

[ 2018-04-27T17:05:01+08:00 ] ::1 /index.php/Admin/Chat/save/id/1
INFO: [ app_init ] --START--
INFO: Run Behavior\BuildLiteBehavior [ RunTime:0.000000s ]
INFO: [ app_init ] --END-- [ RunTime:0.000000s ]
INFO: [ app_begin ] --START--
INFO: Run Behavior\ReadHtmlCacheBehavior [ RunTime:0.001000s ]
INFO: [ app_begin ] --END-- [ RunTime:0.001000s ]
NOTIC: [2048] Declaration of Admin\Controller\ChatController::index() should be compatible with Admin\Controller\TemplateController::index($t = 'index') D:\1php\game\Application\Admin\Controller\ChatController.class.php 第 14 行.
SQL: SHOW COLUMNS FROM `game_model` [ RunTime:0.0040s ]
SQL: SELECT * FROM `game_model` WHERE `controller` = 'Chat' AND `action` = 'save' LIMIT 1   [ RunTime:0.0000s ]
SQL: SELECT * FROM `game_model` WHERE `belongid` = 94 AND `level` = 3  [ RunTime:0.0010s ]
SQL: SHOW COLUMNS FROM `game_chat` [ RunTime:0.0020s ]
SQL: SELECT * FROM `game_chat` WHERE `id` = 1 LIMIT 1   [ RunTime:0.0010s ]
INFO: [ view_parse ] --START--
INFO: [ template_filter ] --START--
INFO: Run Behavior\ContentReplaceBehavior [ RunTime:0.001000s ]
INFO: [ template_filter ] --END-- [ RunTime:0.001000s ]
INFO: Run Behavior\ParseTemplateBehavior [ RunTime:0.008000s ]
INFO: [ view_parse ] --END-- [ RunTime:0.008000s ]
INFO: [ view_filter ] --START--
INFO: Run Behavior\WriteHtmlCacheBehavior [ RunTime:0.000000s ]
INFO: [ view_filter ] --END-- [ RunTime:0.001000s ]
INFO: [ app_end ] --START--
INFO: Run Behavior\ShowPageTraceBehavior [ RunTime:0.000000s ]
INFO: [ app_end ] --END-- [ RunTime:0.000000s ]

[ 2018-04-27T17:05:03+08:00 ] ::1 /index.php/Admin/Chat/index
INFO: [ app_init ] --START--
INFO: Run Behavior\BuildLiteBehavior [ RunTime:0.000000s ]
INFO: [ app_init ] --END-- [ RunTime:0.001000s ]
INFO: [ app_begin ] --START--
INFO: Run Behavior\ReadHtmlCacheBehavior [ RunTime:0.000000s ]
INFO: [ app_begin ] --END-- [ RunTime:0.000000s ]
NOTIC: [2048] Declaration of Admin\Controller\ChatController::index() should be compatible with Admin\Controller\TemplateController::index($t = 'index') D:\1php\game\Application\Admin\Controller\ChatController.class.php 第 14 行.
SQL: SHOW COLUMNS FROM `game_model` [ RunTime:0.0030s ]
SQL: SELECT * FROM `game_model` WHERE `controller` = 'Chat' AND `action` = 'index' LIMIT 1   [ RunTime:0.0000s ]
SQL: SELECT * FROM `game_model` WHERE `belongid` = 86 AND `level` = 3  [ RunTime:0.0000s ]
SQL: SHOW COLUMNS FROM `game_chat` [ RunTime:0.0030s ]
SQL: SHOW COLUMNS FROM `game_chat` [ RunTime:0.0030s ]
SQL: SELECT COUNT(*) AS tp_count FROM game_chat c left JOIN game_user u ON c.user_id = u.id  LIMIT 1   [ RunTime:0.0000s ]
SQL: SELECT c.*,u.nick_name FROM game_chat c left JOIN game_user u ON c.user_id = u.id  LIMIT 0,10   [ RunTime:0.0000s ]
INFO: [ view_parse ] --START--
INFO: [ template_filter ] --START--
INFO: Run Behavior\ContentReplaceBehavior [ RunTime:0.001000s ]
INFO: [ template_filter ] --END-- [ RunTime:0.001000s ]
NOTIC: [8] Undefined index: keyword D:\1php\game\Application\Runtime\Cache\Admin\e42e874ed460f2c6e54e3ad411359b91.php 第 65 行.
NOTIC: [8] Undefined index: start_time D:\1php\game\Application\Runtime\Cache\Admin\e42e874ed460f2c6e54e3ad411359b91.php 第 75 行.
NOTIC: [8] Undefined index: end_time D:\1php\game\Application\Runtime\Cache\Admin\e42e874ed460f2c6e54e3ad411359b91.php 第 76 行.
INFO: Run Behavior\ParseTemplateBehavior [ RunTime:0.009000s ]
INFO: [ view_parse ] --END-- [ RunTime:0.009000s ]
INFO: [ view_filter ] --START--
INFO: Run Behavior\WriteHtmlCacheBehavior [ RunTime:0.000000s ]
INFO: [ view_filter ] --END-- [ RunTime:0.001000s ]
INFO: [ app_end ] --START--
INFO: Run Behavior\ShowPageTraceBehavior [ RunTime:0.001000s ]
INFO: [ app_end ] --END-- [ RunTime:0.001000s ]

[ 2018-04-27T17:05:05+08:00 ] ::1 /index.php/Admin/Chat/save/id/1
INFO: [ app_init ] --START--
INFO: Run Behavior\BuildLiteBehavior [ RunTime:0.000000s ]
INFO: [ app_init ] --END-- [ RunTime:0.001000s ]
INFO: [ app_begin ] --START--
INFO: Run Behavior\ReadHtmlCacheBehavior [ RunTime:0.001000s ]
INFO: [ app_begin ] --END-- [ RunTime:0.002000s ]
NOTIC: [2048] Declaration of Admin\Controller\ChatController::index() should be compatible with Admin\Controller\TemplateController::index($t = 'index') D:\1php\game\Application\Admin\Controller\ChatController.class.php 第 14 行.
SQL: SHOW COLUMNS FROM `game_model` [ RunTime:0.0040s ]
SQL: SELECT * FROM `game_model` WHERE `controller` = 'Chat' AND `action` = 'save' LIMIT 1   [ RunTime:0.0010s ]
SQL: SELECT * FROM `game_model` WHERE `belongid` = 94 AND `level` = 3  [ RunTime:0.0000s ]
SQL: SHOW COLUMNS FROM `game_chat` [ RunTime:0.0040s ]
SQL: SELECT * FROM `game_chat` WHERE `id` = 1 LIMIT 1   [ RunTime:0.0000s ]
INFO: [ view_parse ] --START--
INFO: [ template_filter ] --START--
INFO: Run Behavior\ContentReplaceBehavior [ RunTime:0.000000s ]
INFO: [ template_filter ] --END-- [ RunTime:0.000000s ]
INFO: Run Behavior\ParseTemplateBehavior [ RunTime:0.011000s ]
INFO: [ view_parse ] --END-- [ RunTime:0.011000s ]
INFO: [ view_filter ] --START--
INFO: Run Behavior\WriteHtmlCacheBehavior [ RunTime:0.001000s ]
INFO: [ view_filter ] --END-- [ RunTime:0.001000s ]
INFO: [ app_end ] --START--
INFO: Run Behavior\ShowPageTraceBehavior [ RunTime:0.001000s ]
INFO: [ app_end ] --END-- [ RunTime:0.001000s ]

[ 2018-04-27T17:05:06+08:00 ] ::1 /index.php/Admin/Chat/save
INFO: [ app_init ] --START--
INFO: Run Behavior\BuildLiteBehavior [ RunTime:0.000000s ]
INFO: [ app_init ] --END-- [ RunTime:0.001000s ]
INFO: [ app_begin ] --START--
INFO: Run Behavior\ReadHtmlCacheBehavior [ RunTime:0.001000s ]
INFO: [ app_begin ] --END-- [ RunTime:0.001000s ]
NOTIC: [2048] Declaration of Admin\Controller\ChatController::index() should be compatible with Admin\Controller\TemplateController::index($t = 'index') D:\1php\game\Application\Admin\Controller\ChatController.class.php 第 14 行.
SQL: SHOW COLUMNS FROM `game_model` [ RunTime:0.0030s ]
SQL: SELECT * FROM `game_model` WHERE `controller` = 'Chat' AND `action` = 'save' LIMIT 1   [ RunTime:0.0000s ]
SQL: SELECT * FROM `game_model` WHERE `belongid` = 94 AND `level` = 3  [ RunTime:0.0010s ]
SQL: SHOW COLUMNS FROM `game_chat` [ RunTime:0.0030s ]
SQL: UPDATE `game_chat` SET `title`='',`content`='' WHERE `id` = 1 [ RunTime:0.0000s ]
SQL: SHOW COLUMNS FROM `game_admin_log` [ RunTime:0.0030s ]
SQL: INSERT INTO `game_admin_log` (`admin_id`,`admin_name`,`time`,`login_ip`,`details`) VALUES ('1','admin','1524819906','0.0.0.0','用户咨询—修改：title') [ RunTime:0.0030s ]
SQL: SHOW COLUMNS FROM `game_error` [ RunTime:0.0030s ]
SQL: SELECT * FROM `game_error` WHERE `error_id` = 10009 LIMIT 1   [ RunTime:0.0000s ]

[ 2018-04-27T17:05:07+08:00 ] ::1 /index.php/Admin/Chat/save
INFO: [ app_init ] --START--
INFO: Run Behavior\BuildLiteBehavior [ RunTime:0.000000s ]
INFO: [ app_init ] --END-- [ RunTime:0.000000s ]
INFO: [ app_begin ] --START--
INFO: Run Behavior\ReadHtmlCacheBehavior [ RunTime:0.001000s ]
INFO: [ app_begin ] --END-- [ RunTime:0.001000s ]
NOTIC: [2048] Declaration of Admin\Controller\ChatController::index() should be compatible with Admin\Controller\TemplateController::index($t = 'index') D:\1php\game\Application\Admin\Controller\ChatController.class.php 第 14 行.
SQL: SHOW COLUMNS FROM `game_model` [ RunTime:0.0090s ]
SQL: SELECT * FROM `game_model` WHERE `controller` = 'Chat' AND `action` = 'save' LIMIT 1   [ RunTime:0.0010s ]
SQL: SELECT * FROM `game_model` WHERE `belongid` = 94 AND `level` = 3  [ RunTime:0.0010s ]
SQL: SHOW COLUMNS FROM `game_chat` [ RunTime:0.0090s ]
SQL: UPDATE `game_chat` SET `title`='',`content`='' WHERE `id` = 1 [ RunTime:0.0010s ]
SQL: SHOW COLUMNS FROM `game_admin_log` [ RunTime:0.0030s ]
SQL: INSERT INTO `game_admin_log` (`admin_id`,`admin_name`,`time`,`login_ip`,`details`) VALUES ('1','admin','1524819907','0.0.0.0','用户咨询—修改：title') [ RunTime:0.0020s ]
SQL: SHOW COLUMNS FROM `game_error` [ RunTime:0.0030s ]
SQL: SELECT * FROM `game_error` WHERE `error_id` = 10009 LIMIT 1   [ RunTime:0.0000s ]

[ 2018-04-27T17:05:08+08:00 ] ::1 /index.php/Admin/Chat/index
INFO: [ app_init ] --START--
INFO: Run Behavior\BuildLiteBehavior [ RunTime:0.000000s ]
INFO: [ app_init ] --END-- [ RunTime:0.000000s ]
INFO: [ app_begin ] --START--
INFO: Run Behavior\ReadHtmlCacheBehavior [ RunTime:0.001000s ]
INFO: [ app_begin ] --END-- [ RunTime:0.001000s ]
NOTIC: [2048] Declaration of Admin\Controller\ChatController::index() should be compatible with Admin\Controller\TemplateController::index($t = 'index') D:\1php\game\Application\Admin\Controller\ChatController.class.php 第 14 行.
SQL: SHOW COLUMNS FROM `game_model` [ RunTime:0.0040s ]
SQL: SELECT * FROM `game_model` WHERE `controller` = 'Chat' AND `action` = 'index' LIMIT 1   [ RunTime:0.0000s ]
SQL: SELECT * FROM `game_model` WHERE `belongid` = 86 AND `level` = 3  [ RunTime:0.0000s ]
SQL: SHOW COLUMNS FROM `game_chat` [ RunTime:0.0040s ]
SQL: SHOW COLUMNS FROM `game_chat` [ RunTime:0.0050s ]
SQL: SELECT COUNT(*) AS tp_count FROM game_chat c left JOIN game_user u ON c.user_id = u.id  LIMIT 1   [ RunTime:0.0000s ]
SQL: SELECT c.*,u.nick_name FROM game_chat c left JOIN game_user u ON c.user_id = u.id  LIMIT 0,10   [ RunTime:0.0010s ]
INFO: [ view_parse ] --START--
INFO: [ template_filter ] --START--
INFO: Run Behavior\ContentReplaceBehavior [ RunTime:0.000000s ]
INFO: [ template_filter ] --END-- [ RunTime:0.000000s ]
NOTIC: [8] Undefined index: keyword D:\1php\game\Application\Runtime\Cache\Admin\e42e874ed460f2c6e54e3ad411359b91.php 第 65 行.
NOTIC: [8] Undefined index: start_time D:\1php\game\Application\Runtime\Cache\Admin\e42e874ed460f2c6e54e3ad411359b91.php 第 75 行.
NOTIC: [8] Undefined index: end_time D:\1php\game\Application\Runtime\Cache\Admin\e42e874ed460f2c6e54e3ad411359b91.php 第 76 行.
INFO: Run Behavior\ParseTemplateBehavior [ RunTime:0.015000s ]
INFO: [ view_parse ] --END-- [ RunTime:0.015000s ]
INFO: [ view_filter ] --START--
INFO: Run Behavior\WriteHtmlCacheBehavior [ RunTime:0.001000s ]
INFO: [ view_filter ] --END-- [ RunTime:0.001000s ]
INFO: [ app_end ] --START--
INFO: Run Behavior\ShowPageTraceBehavior [ RunTime:0.000000s ]
INFO: [ app_end ] --END-- [ RunTime:0.000000s ]

[ 2018-04-27T17:05:19+08:00 ] ::1 /index.php/Admin/Chat/save/id/1
INFO: [ app_init ] --START--
INFO: Run Behavior\BuildLiteBehavior [ RunTime:0.000000s ]
INFO: [ app_init ] --END-- [ RunTime:0.001000s ]
INFO: [ app_begin ] --START--
INFO: Run Behavior\ReadHtmlCacheBehavior [ RunTime:0.001000s ]
INFO: [ app_begin ] --END-- [ RunTime:0.001000s ]
NOTIC: [2048] Declaration of Admin\Controller\ChatController::index() should be compatible with Admin\Controller\TemplateController::index($t = 'index') D:\1php\game\Application\Admin\Controller\ChatController.class.php 第 14 行.
SQL: SHOW COLUMNS FROM `game_model` [ RunTime:0.0050s ]
SQL: SELECT * FROM `game_model` WHERE `controller` = 'Chat' AND `action` = 'save' LIMIT 1   [ RunTime:0.0000s ]
SQL: SELECT * FROM `game_model` WHERE `belongid` = 94 AND `level` = 3  [ RunTime:0.0010s ]
SQL: SHOW COLUMNS FROM `game_chat` [ RunTime:0.0050s ]
SQL: SELECT * FROM `game_chat` WHERE `id` = 1 LIMIT 1   [ RunTime:0.0000s ]
INFO: [ view_parse ] --START--
INFO: [ template_filter ] --START--
INFO: Run Behavior\ContentReplaceBehavior [ RunTime:0.000000s ]
INFO: [ template_filter ] --END-- [ RunTime:0.000000s ]
INFO: Run Behavior\ParseTemplateBehavior [ RunTime:0.013000s ]
INFO: [ view_parse ] --END-- [ RunTime:0.013000s ]
INFO: [ view_filter ] --START--
INFO: Run Behavior\WriteHtmlCacheBehavior [ RunTime:0.001000s ]
INFO: [ view_filter ] --END-- [ RunTime:0.001000s ]
INFO: [ app_end ] --START--
INFO: Run Behavior\ShowPageTraceBehavior [ RunTime:0.001000s ]
INFO: [ app_end ] --END-- [ RunTime:0.001000s ]

[ 2018-04-27T17:05:39+08:00 ] ::1 /index.php/Admin/Chat/index
INFO: [ app_init ] --START--
INFO: Run Behavior\BuildLiteBehavior [ RunTime:0.000000s ]
INFO: [ app_init ] --END-- [ RunTime:0.000000s ]
INFO: [ app_begin ] --START--
INFO: Run Behavior\ReadHtmlCacheBehavior [ RunTime:0.001000s ]
INFO: [ app_begin ] --END-- [ RunTime:0.001000s ]
NOTIC: [2048] Declaration of Admin\Controller\ChatController::index() should be compatible with Admin\Controller\TemplateController::index($t = 'index') D:\1php\game\Application\Admin\Controller\ChatController.class.php 第 14 行.
SQL: SHOW COLUMNS FROM `game_model` [ RunTime:0.0020s ]
SQL: SELECT * FROM `game_model` WHERE `controller` = 'Chat' AND `action` = 'index' LIMIT 1   [ RunTime:0.0000s ]
SQL: SELECT * FROM `game_model` WHERE `belongid` = 86 AND `level` = 3  [ RunTime:0.0000s ]
SQL: SHOW COLUMNS FROM `game_chat` [ RunTime:0.0030s ]
SQL: SHOW COLUMNS FROM `game_chat` [ RunTime:0.0020s ]
SQL: SELECT COUNT(*) AS tp_count FROM game_chat c left JOIN game_user u ON c.user_id = u.id  LIMIT 1   [ RunTime:0.0010s ]
SQL: SELECT c.*,u.nick_name FROM game_chat c left JOIN game_user u ON c.user_id = u.id  LIMIT 0,10   [ RunTime:0.0000s ]
INFO: [ view_parse ] --START--
INFO: [ template_filter ] --START--
INFO: Run Behavior\ContentReplaceBehavior [ RunTime:0.001000s ]
INFO: [ template_filter ] --END-- [ RunTime:0.001000s ]
NOTIC: [8] Undefined index: keyword D:\1php\game\Application\Runtime\Cache\Admin\e42e874ed460f2c6e54e3ad411359b91.php 第 65 行.
NOTIC: [8] Undefined index: start_time D:\1php\game\Application\Runtime\Cache\Admin\e42e874ed460f2c6e54e3ad411359b91.php 第 75 行.
NOTIC: [8] Undefined index: end_time D:\1php\game\Application\Runtime\Cache\Admin\e42e874ed460f2c6e54e3ad411359b91.php 第 76 行.
INFO: Run Behavior\ParseTemplateBehavior [ RunTime:0.009000s ]
INFO: [ view_parse ] --END-- [ RunTime:0.009000s ]
INFO: [ view_filter ] --START--
INFO: Run Behavior\WriteHtmlCacheBehavior [ RunTime:0.000000s ]
INFO: [ view_filter ] --END-- [ RunTime:0.000000s ]
INFO: [ app_end ] --START--
INFO: Run Behavior\ShowPageTraceBehavior [ RunTime:0.000000s ]
INFO: [ app_end ] --END-- [ RunTime:0.000000s ]

[ 2018-04-27T17:05:41+08:00 ] ::1 /index.php/Admin/Chat/save/id/1
INFO: [ app_init ] --START--
INFO: Run Behavior\BuildLiteBehavior [ RunTime:0.000000s ]
INFO: [ app_init ] --END-- [ RunTime:0.000000s ]
INFO: [ app_begin ] --START--
INFO: Run Behavior\ReadHtmlCacheBehavior [ RunTime:0.001000s ]
INFO: [ app_begin ] --END-- [ RunTime:0.001000s ]
NOTIC: [2048] Declaration of Admin\Controller\ChatController::index() should be compatible with Admin\Controller\TemplateController::index($t = 'index') D:\1php\game\Application\Admin\Controller\ChatController.class.php 第 14 行.
SQL: SHOW COLUMNS FROM `game_model` [ RunTime:0.0040s ]
SQL: SELECT * FROM `game_model` WHERE `controller` = 'Chat' AND `action` = 'save' LIMIT 1   [ RunTime:0.0010s ]
SQL: SELECT * FROM `game_model` WHERE `belongid` = 94 AND `level` = 3  [ RunTime:0.0000s ]
SQL: SHOW COLUMNS FROM `game_chat` [ RunTime:0.0030s ]
SQL: SELECT * FROM `game_chat` WHERE `id` = 1 LIMIT 1   [ RunTime:0.0000s ]
INFO: [ view_parse ] --START--
INFO: [ template_filter ] --START--
INFO: Run Behavior\ContentReplaceBehavior [ RunTime:0.000000s ]
INFO: [ template_filter ] --END-- [ RunTime:0.000000s ]
INFO: Run Behavior\ParseTemplateBehavior [ RunTime:0.011000s ]
INFO: [ view_parse ] --END-- [ RunTime:0.011000s ]
INFO: [ view_filter ] --START--
INFO: Run Behavior\WriteHtmlCacheBehavior [ RunTime:0.000000s ]
INFO: [ view_filter ] --END-- [ RunTime:0.001000s ]
INFO: [ app_end ] --START--
INFO: Run Behavior\ShowPageTraceBehavior [ RunTime:0.001000s ]
INFO: [ app_end ] --END-- [ RunTime:0.001000s ]

